<?xml version="1.0" encoding="UTF-8"?>
<!-- Generated by org.testng.reporters.JUnitXMLReporter -->
<testsuite ignored="6" hostname="LAPTOP-D4RH5SI9" failures="0" tests="1" name="Test" time="109.697" errors="0" timestamp="2023-11-22T14:47:21 GMT+05:30">
  <testcase classname="com.trendkart.admin.VerifyUserLoginTest" name="verifyUserLoginTest" time="0.035"/>
  <testcase classname="com.trendkart.admin.VerifyUserAccountCreationTest" name="verifyUserAccountCreationTest" time="0.0">
    <ignored/>
  </testcase> <!-- verifyUserAccountCreationTest -->
  <testcase classname="com.trendkart.admin.VerifyDeleteProductTest" name="verifyDeleteProductTest" time="0.0">
    <ignored/>
  </testcase> <!-- verifyDeleteProductTest -->
  <testcase classname="com.trendkart.admin.VerifyDeleteCategoryTest" name="verifyDeleteCategoryTest" time="0.0">
    <ignored/>
  </testcase> <!-- verifyDeleteCategoryTest -->
  <testcase classname="com.ecommerce.GenericUtils.BaseClass" name="@AfterSuite config_AS" time="0.0">
    <ignored/>
  </testcase> <!-- @AfterSuite config_AS -->
  <testcase classname="com.trendkart.admin.TrackOrderTest" name="trackOrderTest" time="0.0">
    <ignored/>
  </testcase> <!-- trackOrderTest -->
  <testcase classname="com.ecommerce.GenericUtils.BaseClass" name="@BeforeSuite config_BS" time="0.0">
    <ignored/>
  </testcase> <!-- @BeforeSuite config_BS -->
</testsuite> <!-- Test -->
