<?xml version="1.0" encoding="UTF-8"?>
<testng-results ignored="0" total="1" passed="1" failed="0" skipped="0">
  <reporter-output>
  </reporter-output>
  <suite started-at="2023-11-29T10:09:15 GMT+05:30" name="Default suite" finished-at="2023-11-29T10:10:02 GMT+05:30" duration-ms="46898">
    <groups>
    </groups>
    <test started-at="2023-11-29T10:09:15 GMT+05:30" name="Default test" finished-at="2023-11-29T10:10:02 GMT+05:30" duration-ms="46898">
      <class name="com.trendkart.admin.VerifyUserAccountCreationTest">
        <test-method is-config="true" signature="config_BeforeClass()[pri:0, instance:com.trendkart.admin.VerifyUserAccountCreationTest@4afcd809]" started-at="2023-11-29T10:09:15 GMT+05:30" name="config_BeforeClass" finished-at="2023-11-29T10:09:23 GMT+05:30" duration-ms="7723" status="PASS">
          <reporter-output>
          </reporter-output>
        </test-method> <!-- config_BeforeClass -->
        <test-method signature="verifyUserAccountCreationTest()[pri:0, instance:com.trendkart.admin.VerifyUserAccountCreationTest@4afcd809]" started-at="2023-11-29T10:09:23 GMT+05:30" name="verifyUserAccountCreationTest" finished-at="2023-11-29T10:10:02 GMT+05:30" duration-ms="39097" status="PASS">
          <reporter-output>
          </reporter-output>
        </test-method> <!-- verifyUserAccountCreationTest -->
        <test-method is-config="true" signature="config_AfterClass()[pri:0, instance:com.trendkart.admin.VerifyUserAccountCreationTest@4afcd809]" started-at="2023-11-29T10:10:02 GMT+05:30" name="config_AfterClass" finished-at="2023-11-29T10:10:02 GMT+05:30" duration-ms="1" status="PASS">
          <reporter-output>
          </reporter-output>
        </test-method> <!-- config_AfterClass -->
      </class> <!-- com.trendkart.admin.VerifyUserAccountCreationTest -->
    </test> <!-- Default test -->
  </suite> <!-- Default suite -->
</testng-results>
